<?xml version="1.0" encoding="UTF-8"?>
<!-- Generated by org.testng.reporters.JUnitXMLReporter -->
<testsuite hostname="DESKTOP-PCD4UT7" ignored="0" name="Test" tests="4" failures="0" timestamp="2023-01-07T19:01:00 IST" time="28.055" errors="0">
  <testcase name="Test1" time="20.214" classname="TestCases.ParallelExecutionTest"/>
  <testcase name="Test4" time="21.427" classname="TestCases.ParallelExecutionTest"/>
  <testcase name="Test2" time="21.481" classname="TestCases.ParallelExecutionTest"/>
  <testcase name="Test3" time="27.97" classname="TestCases.ParallelExecutionTest"/>
</testsuite> <!-- Test -->
