<?xml version="1.0" encoding="UTF-8"?>
<testng-results skipped="0" failed="0" ignored="0" total="4" passed="4">
  <reporter-output>
  </reporter-output>
  <suite name="Suite" duration-ms="28055" started-at="2023-01-07T19:00:32 IST" finished-at="2023-01-07T19:01:00 IST">
    <groups>
    </groups>
    <test name="Test" duration-ms="28055" started-at="2023-01-07T19:00:32 IST" finished-at="2023-01-07T19:01:00 IST">
      <class name="TestCases.ParallelExecutionTest">
        <test-method status="PASS" signature="Test2()[pri:0, instance:TestCases.ParallelExecutionTest@467aecef]" name="Test2" duration-ms="21481" started-at="2023-01-07T19:00:32 IST" finished-at="2023-01-07T19:00:53 IST">
          <reporter-output>
          </reporter-output>
        </test-method> <!-- Test2 -->
        <test-method status="PASS" signature="Test3()[pri:0, instance:TestCases.ParallelExecutionTest@467aecef]" name="Test3" duration-ms="27970" started-at="2023-01-07T19:00:32 IST" finished-at="2023-01-07T19:01:00 IST">
          <reporter-output>
          </reporter-output>
        </test-method> <!-- Test3 -->
        <test-method status="PASS" signature="Test1()[pri:0, instance:TestCases.ParallelExecutionTest@467aecef]" name="Test1" duration-ms="20214" started-at="2023-01-07T19:00:32 IST" finished-at="2023-01-07T19:00:52 IST">
          <reporter-output>
          </reporter-output>
        </test-method> <!-- Test1 -->
        <test-method status="PASS" signature="Test4()[pri:0, instance:TestCases.ParallelExecutionTest@467aecef]" name="Test4" duration-ms="21427" started-at="2023-01-07T19:00:32 IST" finished-at="2023-01-07T19:00:53 IST">
          <reporter-output>
          </reporter-output>
        </test-method> <!-- Test4 -->
      </class> <!-- TestCases.ParallelExecutionTest -->
    </test> <!-- Test -->
  </suite> <!-- Suite -->
</testng-results>
